<?xml version="1.0" encoding="UTF-8"?>
<!-- Generated by org.testng.reporters.JUnitReportReporter -->
<testsuite hostname="Almirs-MacBook-Air.local" failures="0" tests="1" name="Almir1.addToCartProducts" time="23.764" errors="0" timestamp="28 Nov 2022 21:49:53 GMT">
  <testcase classname="Almir1.addToCartProducts" name="addAndDeleteCart" time="23.764"/>
</testsuite> <!-- Almir1.addToCartProducts -->
