<?xml version="1.0" encoding="UTF-8"?>
<!-- Generated by org.testng.reporters.JUnitReportReporter -->
<testsuite hostname="Almirs-MacBook-Air.local" failures="0" tests="1" name="testCases.PdpTestCases" time="15.954" errors="0" timestamp="2023-02-05T21:56:04 CET" skipped="0">
  <testcase classname="testCases.PdpTestCases" name="TC_DETAILS_003" time="15.954"/>
  <system-out/>
</testsuite> <!-- testCases.PdpTestCases -->
