<?xml version="1.0" encoding="UTF-8"?>
<!-- Generated by org.testng.reporters.JUnitReportReporter -->
<testsuite hostname="Almirs-MacBook-Air.local" failures="0" tests="1" name="Almir1.registerFuncNopCommerce" time="10.123" errors="0" timestamp="24 Nov 2022 00:53:52 GMT">
  <testcase classname="Almir1.registerFuncNopCommerce" name="testBrowser" time="10.123"/>
</testsuite> <!-- Almir1.registerFuncNopCommerce -->
