<?xml version="1.0" encoding="UTF-8"?>
<!-- Generated by org.testng.reporters.JUnitReportReporter -->
<testsuite hostname="Almirs-MacBook-Air.local" failures="0" tests="1" name="Almir1.registerNopcommerce" time="11.800" errors="0" timestamp="22 Nov 2022 23:58:58 GMT">
  <testcase classname="Almir1.registerNopcommerce" name="registerWithBlankEmail" time="11.800"/>
</testsuite> <!-- Almir1.registerNopcommerce -->
