<?xml version="1.0" encoding="UTF-8"?>
<!-- Generated by org.testng.reporters.JUnitReportReporter -->
<testsuite hostname="Almirs-MacBook-Air.local" failures="0" tests="1" name="testCases.RegisterPageTestCases" time="10.643" errors="0" timestamp="2022-12-14T20:56:02 CET" skipped="0">
  <testcase classname="testCases.RegisterPageTestCases" name="TC_REGISTER_003_registerWithInvalidEmail" time="10.643"/>
  <system-out/>
</testsuite> <!-- testCases.RegisterPageTestCases -->
