<?xml version="1.0" encoding="UTF-8"?>
<!-- Generated by org.testng.reporters.JUnitReportReporter -->
<testsuite hostname="Almirs-MacBook-Air.local" failures="0" tests="1" name="testCases.Frames" time="7.597" errors="0" timestamp="2022-12-11T20:40:36 CET" skipped="0">
  <testcase classname="testCases.Frames" name="frames_test01" time="7.597"/>
  <system-out/>
</testsuite> <!-- testCases.Frames -->
