<?xml version="1.0" encoding="UTF-8"?>
<!-- Generated by org.testng.reporters.JUnitReportReporter -->
<testsuite hostname="Almirs-MacBook-Air.local" failures="0" tests="1" name="testCases.LoginPageTestCases" time="9.970" errors="0" timestamp="2022-12-13T01:25:20 CET" skipped="0">
  <testcase classname="testCases.LoginPageTestCases" name="TC_LOGIN_006_logInWithEmptyMailAndPass" time="9.970"/>
  <system-out/>
</testsuite> <!-- testCases.LoginPageTestCases -->
