<?xml version="1.0" encoding="UTF-8"?>
<!-- Generated by org.testng.reporters.JUnitReportReporter -->
<testsuite hostname="Almirs-MacBook-Air.local" failures="0" tests="1" name="testCases.RegisterPageTestCases" time="10.996" errors="0" timestamp="2023-02-05T21:39:40 CET" skipped="0">
  <testcase classname="testCases.RegisterPageTestCases" name="TC_REGISTER_002_registerWithValidCredentials" time="10.996"/>
  <system-out/>
</testsuite> <!-- testCases.RegisterPageTestCases -->
