<?xml version="1.0" encoding="UTF-8"?>
<!-- Generated by org.testng.reporters.JUnitReportReporter -->
<testsuite hostname="Almirs-MacBook-Air.local" failures="0" tests="1" name="testCases.PdpTestCases" time="11.383" errors="0" timestamp="2022-12-04T04:10:10 CET" skipped="0">
  <testcase classname="testCases.PdpTestCases" name="proba" time="11.383"/>
  <system-out/>
</testsuite> <!-- testCases.PdpTestCases -->
