<?xml version="1.0" encoding="UTF-8"?>
<!-- Generated by org.testng.reporters.JUnitReportReporter -->
<testsuite hostname="Almirs-MacBook-Air.local" failures="0" tests="1" name="Almir1.DemoTest" time="9.922" errors="0" timestamp="21 Nov 2022 22:32:04 GMT">
  <testcase classname="Almir1.DemoTest" name="loginOK" time="9.922"/>
</testsuite> <!-- Almir1.DemoTest -->
