<?xml version="1.0" encoding="UTF-8"?>
<!-- Generated by org.testng.reporters.JUnitReportReporter -->
<testsuite hostname="Almirs-MacBook-Air.local" failures="0" tests="1" name="Almir1.logintest" time="12.093" errors="0" timestamp="23 Nov 2022 23:32:34 GMT">
  <testcase classname="Almir1.logintest" name="logInWithInvalidEmail" time="12.093"/>
</testsuite> <!-- Almir1.logintest -->
