<?xml version="1.0" encoding="UTF-8"?>
<!-- Generated by org.testng.reporters.JUnitReportReporter -->
<testsuite hostname="Almirs-MacBook-Air.local" failures="0" tests="1" name="testCases.SearchPageTestCases" time="10.051" errors="0" timestamp="2022-11-30T22:19:43 CET" skipped="0">
  <testcase classname="testCases.SearchPageTestCases" name="TC_SEARCH_009_advancedSearchFunctionality" time="10.051"/>
  <system-out/>
</testsuite> <!-- testCases.SearchPageTestCases -->
