<?xml version="1.0" encoding="UTF-8"?>
<!-- Generated by org.testng.reporters.JUnitReportReporter -->
<testsuite hostname="Almirs-MacBook-Air.local" failures="0" tests="1" name="testCases.Alerts" time="9.275" errors="0" timestamp="2022-12-11T20:07:03 CET" skipped="0">
  <testcase classname="testCases.Alerts" name="javaScript_Prompt" time="9.275"/>
  <system-out/>
</testsuite> <!-- testCases.Alerts -->
