<?xml version="1.0" encoding="UTF-8"?>
<!-- Generated by org.testng.reporters.JUnitReportReporter -->
<testsuite hostname="Almirs-MacBook-Air.local" failures="0" tests="1" name="Almir1.productListPage" time="8.663" errors="0" timestamp="28 Nov 2022 00:41:30 GMT">
  <testcase classname="Almir1.productListPage" name="veryfyHpNotebookIsDisplayed" time="8.663"/>
</testsuite> <!-- Almir1.productListPage -->
