<?xml version="1.0" encoding="UTF-8"?>
<!-- Generated by org.testng.reporters.JUnitReportReporter -->
<testsuite hostname="Almirs-MacBook-Air.local" failures="0" tests="1" name="Almir1.searchFuncNopCommerce" time="11.072" errors="0" timestamp="24 Nov 2022 00:04:03 GMT">
  <testcase classname="Almir1.searchFuncNopCommerce" name="searchFuncNonExistingProduct" time="11.072"/>
</testsuite> <!-- Almir1.searchFuncNopCommerce -->
