<?xml version="1.0" encoding="UTF-8"?>
<!-- Generated by org.testng.reporters.JUnitReportReporter -->
<testsuite hostname="Almirs-MacBook-Air.local" failures="0" tests="1" name="testCases.SearchPageTestCases" time="10.151" errors="0" timestamp="2023-02-05T13:25:10 CET" skipped="0">
  <testcase classname="testCases.SearchPageTestCases" name="TC_SEARCH_002" time="10.151"/>
  <system-out/>
</testsuite> <!-- testCases.SearchPageTestCases -->
