<?xml version="1.0" encoding="UTF-8"?>
<!-- Generated by org.testng.reporters.JUnitReportReporter -->
<testsuite hostname="Almirs-MacBook-Air.local" failures="0" tests="1" name="testCases.PdpTestCases" time="20.668" errors="0" timestamp="2023-02-05T13:10:21 CET" skipped="0">
  <testcase classname="testCases.PdpTestCases" name="testCaseFromClass" time="20.668"/>
  <system-out/>
</testsuite> <!-- testCases.PdpTestCases -->
