<?xml version="1.0" encoding="UTF-8"?>
<!-- Generated by org.testng.reporters.JUnitReportReporter -->
<testsuite hostname="Almirs-MacBook-Air.local" failures="0" tests="1" name="testCases.RegisterPageTestCases" time="12.462" errors="0" timestamp="2022-12-27T20:49:07 CET" skipped="0">
  <testcase classname="testCases.RegisterPageTestCases" name="TC_REGISTER_002_registerWithValidCredentials" time="12.462"/>
  <system-out/>
</testsuite> <!-- testCases.RegisterPageTestCases -->
