<?xml version="1.0" encoding="UTF-8"?>
<!-- Generated by org.testng.reporters.JUnitReportReporter -->
<testsuite hostname="Almirs-MacBook-Air.local" failures="0" tests="1" name="testCases.ExplicitWaitsTest" time="24.113" errors="0" timestamp="2022-12-04T15:20:04 CET" skipped="0">
  <testcase classname="testCases.ExplicitWaitsTest" name="explicitWaitsTest_04_AjaxData" time="24.113"/>
  <system-out/>
</testsuite> <!-- testCases.ExplicitWaitsTest -->
