<?xml version="1.0" encoding="UTF-8"?>
<!-- Generated by org.testng.reporters.JUnitReportReporter -->
<testsuite hostname="Almirs-MacBook-Air.local" failures="0" tests="1" name="Almir1.productDetailPage" time="7.758" errors="0" timestamp="27 Nov 2022 23:39:54 GMT">
  <testcase classname="Almir1.productDetailPage" name="productDetailAsus" time="7.758"/>
</testsuite> <!-- Almir1.productDetailPage -->
