<?xml version="1.0" encoding="UTF-8"?>
<!-- Generated by org.testng.reporters.JUnitReportReporter -->
<testsuite hostname="Almirs-MacBook-Air.local" failures="0" tests="1" name="Almir1.probaSoPageObject" time="13.755" errors="0" timestamp="23 Nov 2022 01:08:08 GMT">
  <testcase classname="Almir1.probaSoPageObject" name="logInWithValid" time="13.755"/>
</testsuite> <!-- Almir1.probaSoPageObject -->
