<?xml version="1.0" encoding="UTF-8"?>
<!-- Generated by org.testng.reporters.JUnitReportReporter -->
<testsuite hostname="Almirs-MacBook-Air.local" failures="0" tests="1" name="testCases.ShoppingCartTestCases" time="11.317" errors="0" timestamp="2023-01-31T19:41:38 CET" skipped="0">
  <testcase classname="testCases.ShoppingCartTestCases" name="TC_CART_018" time="11.317"/>
  <system-out/>
</testsuite> <!-- testCases.ShoppingCartTestCases -->
