<?xml version="1.0" encoding="UTF-8"?>
<!-- Generated by org.testng.reporters.JUnitReportReporter -->
<testsuite hostname="Almirs-MacBook-Air.local" failures="0" tests="1" name="Almir1.headLessBrowser" time="8.291" errors="0" timestamp="28 Nov 2022 00:20:37 GMT">
  <testcase classname="Almir1.headLessBrowser" name="test" time="8.291"/>
</testsuite> <!-- Almir1.headLessBrowser -->
