<?xml version="1.0" encoding="UTF-8"?>
<!-- Generated by org.testng.reporters.JUnitReportReporter -->
<testsuite hostname="Almirs-MacBook-Air.local" failures="0" tests="1" name="testCases.DynamicTable" time="6.991" errors="0" timestamp="2022-12-06T00:20:35 CET" skipped="0">
  <testcase classname="testCases.DynamicTable" name="dynamicTableTestCase" time="6.991"/>
  <system-out/>
</testsuite> <!-- testCases.DynamicTable -->
