<?xml version="1.0" encoding="UTF-8"?>
<!-- Generated by org.testng.reporters.JUnitReportReporter -->
<testsuite hostname="Almirs-MacBook-Air.local" failures="0" tests="1" name="testCases.ShoppingCartTestCases" time="12.527" errors="0" timestamp="2022-12-04T04:12:59 CET" skipped="0">
  <testcase classname="testCases.ShoppingCartTestCases" name="TC_CART_022" time="12.527"/>
  <system-out/>
</testsuite> <!-- testCases.ShoppingCartTestCases -->
