<?xml version="1.0" encoding="UTF-8"?>
<!-- Generated by org.testng.reporters.JUnitReportReporter -->
<testsuite hostname="Almirs-MacBook-Air.local" failures="0" tests="1" name="testCases.CheckOutTestCases" time="19.015" errors="0" timestamp="2022-12-13T01:05:37 CET" skipped="0">
  <testcase classname="testCases.CheckOutTestCases" name="TC_CHECKOUT_011" time="19.015"/>
  <system-out/>
</testsuite> <!-- testCases.CheckOutTestCases -->
