<?xml version="1.0" encoding="UTF-8"?>
<!-- Generated by org.testng.reporters.JUnitReportReporter -->
<testsuite hostname="Almirs-MacBook-Air.local" failures="0" tests="1" name="testCases.PlpTestCases" time="12.194" errors="0" timestamp="2022-12-04T00:36:18 CET" skipped="0">
  <testcase classname="testCases.PlpTestCases" name="proba" time="12.194"/>
  <system-out/>
</testsuite> <!-- testCases.PlpTestCases -->
